Using pre-set license
Built from '2020.2/release' branch; Version is '2020.2.2f1 (068178b99f32) revision 426360'; Using compiler version '192528614'; Build Type 'Release'
OS: 'Windows 10 Home; OS build 22000.318; Version 2009; 64bit' Language: 'en' Physical Memory: 16122 MB
BatchMode: 1, IsHumanControllingUs: 0, StartBugReporterOnCrash: 0, Is64bit: 1, IsPro: 0

 COMMAND LINE ARGUMENTS:
C:\Program Files\Unity\Hub\Editor\2020.2.2f1\Editor\Unity.exe
-adb2
-batchMode
-noUpm
-name
AssetImportWorker0
-projectPath
C:/Users/piehu/Documents/GitHub/Assess2MobileGameDev
-logFile
Logs/AssetImportWorker0.log
-srvPort
59057
Successfully changed project path to: C:/Users/piehu/Documents/GitHub/Assess2MobileGameDev
C:/Users/piehu/Documents/GitHub/Assess2MobileGameDev
Using Asset Import Pipeline V2.
Refreshing native plugins compatible for Editor in 53.43 ms, found 0 plugins.
Preloading 0 native plugins for Editor in 0.00 ms.
Initialize engine version: 2020.2.2f1 (068178b99f32)
[Subsystems] Discovering subsystems at path C:/Program Files/Unity/Hub/Editor/2020.2.2f1/Editor/Data/Resources/UnitySubsystems
[Subsystems] Discovering subsystems at path C:/Users/piehu/Documents/GitHub/Assess2MobileGameDev/Assets
GfxDevice: creating device client; threaded=0
Direct3D:
    Version:  Direct3D 11.0 [level 11.1]
    Renderer: NVIDIA GeForce GTX 1650 Ti with Max-Q Design (ID=0x1f95)
    Vendor:   
    VRAM:     3962 MB
    Driver:   30.0.14.9676
Initialize mono
Mono path[0] = 'C:/Program Files/Unity/Hub/Editor/2020.2.2f1/Editor/Data/Managed'
Mono path[1] = 'C:/Program Files/Unity/Hub/Editor/2020.2.2f1/Editor/Data/MonoBleedingEdge/lib/mono/unityjit'
Mono config path = 'C:/Program Files/Unity/Hub/Editor/2020.2.2f1/Editor/Data/MonoBleedingEdge/etc'
Using monoOptions --debugger-agent=transport=dt_socket,embedding=1,server=y,suspend=n,address=127.0.0.1:56380
Begin MonoManager ReloadAssembly
Registering precompiled unity dll's ...
Register platform support module: C:/Program Files/Unity/Hub/Editor/2020.2.2f1/Editor/Data/PlaybackEngines/WindowsStandaloneSupport/UnityEditor.WindowsStandalone.Extensions.dll
Registered in 0.001973 seconds.
Native extension for WindowsStandalone target not found
Refreshing native plugins compatible for Editor in 54.42 ms, found 0 plugins.
Preloading 0 native plugins for Editor in 0.00 ms.
Invoked RoslynAnalysisRunner static constructor.
RoslynAnalysisRunner will not be running.
RoslynAnalysisRunner has terminated.
Mono: successfully reloaded assembly
- Completed reload, in  3.597 seconds
Platform modules already initialized, skipping
Registering precompiled user dll's ...
Registered in 0.001043 seconds.
Begin MonoManager ReloadAssembly
Native extension for WindowsStandalone target not found
Refreshing native plugins compatible for Editor in 0.40 ms, found 0 plugins.
Preloading 0 native plugins for Editor in 0.00 ms.
Invoked RoslynAnalysisRunner static constructor.
RoslynAnalysisRunner will not be running.
RoslynAnalysisRunner has terminated.
Mono: successfully reloaded assembly
- Completed reload, in  1.727 seconds
Platform modules already initialized, skipping
========================================================================
Worker process is ready to serve import requests
Launched and connected shader compiler UnityShaderCompiler.exe after 0.06 seconds
Refreshing native plugins compatible for Editor in 0.38 ms, found 0 plugins.
Preloading 0 native plugins for Editor in 0.00 ms.
Unloading 1515 Unused Serialized files (Serialized files now loaded: 0)
System memory in use before: 74.9 MB.
System memory in use after: 75.0 MB.

Unloading 75 unused Assets to reduce memory usage. Loaded Objects now: 1952.
Total: 3.545100 ms (FindLiveObjects: 0.535900 ms CreateObjectMapping: 0.156700 ms MarkObjects: 2.564300 ms  DeleteObjects: 0.282600 ms)

========================================================================
Received Import Request.
  path: Assets/MobileGameDev/Prefabs/4x4 Wall Section.prefab
  artifactKey: Guid(256cc73e73a6e14438e7fe799ef0592c) Importer(815301076,1909f56bfc062723c751e8b465ee728b)
Start importing Assets/MobileGameDev/Prefabs/4x4 Wall Section.prefab using Guid(256cc73e73a6e14438e7fe799ef0592c) Importer(815301076,1909f56bfc062723c751e8b465ee728b)  -> (artifact id: 'cdccd31fb0c311e501a4a1acf219d8a2') in 0.096883 seconds
  Import took 0.101704 seconds .

========================================================================
Received Import Request.
  Time since last request: 4953.708580 seconds.
  path: Assets/MobileGameDev/Prefabs/Door.prefab
  artifactKey: Guid(3463fb71ef84cf54db9f19e45d7d0930) Importer(815301076,1909f56bfc062723c751e8b465ee728b)
Start importing Assets/MobileGameDev/Prefabs/Door.prefab using Guid(3463fb71ef84cf54db9f19e45d7d0930) Importer(815301076,1909f56bfc062723c751e8b465ee728b)  -> (artifact id: '93ff7f660c473b78cacb7b183989245e') in 0.015408 seconds
  Import took 0.023276 seconds .

========================================================================
Received Import Request.
  Time since last request: 1.932098 seconds.
  path: Assets/MobileGameDev/Prefabs/Final Door.prefab
  artifactKey: Guid(c2354b1a791e90e489321fed0855ce6a) Importer(815301076,1909f56bfc062723c751e8b465ee728b)
Start importing Assets/MobileGameDev/Prefabs/Final Door.prefab using Guid(c2354b1a791e90e489321fed0855ce6a) Importer(815301076,1909f56bfc062723c751e8b465ee728b)  -> (artifact id: '12768e9b54376be929214abc7671b2e6') in 0.013137 seconds
  Import took 0.016975 seconds .

========================================================================
Received Import Request.
  Time since last request: 1259.646605 seconds.
  path: Assets/MobileGameDev/Scripts/Enemy.cs
  artifactKey: Guid(a80d084c0f082f243b762142cb1a4cbb) Importer(815301076,1909f56bfc062723c751e8b465ee728b)
Start importing Assets/MobileGameDev/Scripts/Enemy.cs using Guid(a80d084c0f082f243b762142cb1a4cbb) Importer(815301076,1909f56bfc062723c751e8b465ee728b)  -> (artifact id: '690411fd05f26cf57cfc6b835545d384') in 0.025602 seconds
  Import took 0.029553 seconds .

========================================================================
Received Import Request.
  Time since last request: 0.000967 seconds.
  path: Assets/MobileGameDev/Scripts/Enemy.cs
  artifactKey: Guid(a80d084c0f082f243b762142cb1a4cbb) Importer(815301076,1909f56bfc062723c751e8b465ee728b)
Start importing Assets/MobileGameDev/Scripts/Enemy.cs using Guid(a80d084c0f082f243b762142cb1a4cbb) Importer(815301076,1909f56bfc062723c751e8b465ee728b)  -> (artifact id: '690411fd05f26cf57cfc6b835545d384') in 0.005077 seconds
  Import took 0.008792 seconds .

========================================================================
Received Import Request.
  Time since last request: 524.681181 seconds.
  path: Assets/MobileGameDev/Prefabs/Key.prefab
  artifactKey: Guid(fbb8979d372c3394eb0ee23cb66a140a) Importer(815301076,1909f56bfc062723c751e8b465ee728b)
Start importing Assets/MobileGameDev/Prefabs/Key.prefab using Guid(fbb8979d372c3394eb0ee23cb66a140a) Importer(815301076,1909f56bfc062723c751e8b465ee728b)  -> (artifact id: '764524a43665a8bd5fbc71046d331339') in 0.014559 seconds
  Import took 0.018101 seconds .

========================================================================
Received Import Request.
  Time since last request: 42.310127 seconds.
  path: Assets/MobileGameDev/Scripts/Key.cs
  artifactKey: Guid(89f312642fda60c499df0b5d44f1d12f) Importer(815301076,1909f56bfc062723c751e8b465ee728b)
Start importing Assets/MobileGameDev/Scripts/Key.cs using Guid(89f312642fda60c499df0b5d44f1d12f) Importer(815301076,1909f56bfc062723c751e8b465ee728b)  -> (artifact id: '8ff118f8cac9570e2c46226281f2b7f8') in 0.003746 seconds
  Import took 0.047883 seconds .

========================================================================
Received Prepare
Registering precompiled user dll's ...
Registered in 0.000670 seconds.
Begin MonoManager ReloadAssembly
Native extension for WindowsStandalone target not found
Refreshing native plugins compatible for Editor in 0.35 ms, found 0 plugins.
Preloading 0 native plugins for Editor in 0.00 ms.
Warning: Annotation not found!
UnityEngine.StackTraceUtility:ExtractStackTrace ()
UnityEditor.ProBuilder.EditorUtility:SetGizmoIconEnabled (System.Type,bool) (at Library/PackageCache/com.unity.probuilder@4.4.0/Editor/EditorCore/EditorUtility.cs:593)
UnityEditor.ProBuilder.HierarchyListener:.cctor () (at Library/PackageCache/com.unity.probuilder@4.4.0/Editor/EditorCore/HierarchyListener.cs:21)
System.Runtime.CompilerServices.RuntimeHelpers:RunClassConstructor (System.RuntimeTypeHandle)
UnityEditor.EditorAssemblies:ProcessInitializeOnLoadAttributes (System.Type[])

[Library/PackageCache/com.unity.probuilder@4.4.0/Editor/EditorCore/EditorUtility.cs line 593]

Invoked RoslynAnalysisRunner static constructor.
RoslynAnalysisRunner will not be running.
RoslynAnalysisRunner has terminated.
Mono: successfully reloaded assembly
- Completed reload, in  0.864 seconds
Platform modules already initialized, skipping
Refreshing native plugins compatible for Editor in 0.26 ms, found 0 plugins.
Preloading 0 native plugins for Editor in 0.00 ms.
Unloading 1479 Unused Serialized files (Serialized files now loaded: 0)
System memory in use before: 73.2 MB.
System memory in use after: 73.3 MB.

Unloading 5 unused Assets to reduce memory usage. Loaded Objects now: 1955.
Total: 2.580800 ms (FindLiveObjects: 0.152600 ms CreateObjectMapping: 0.049400 ms MarkObjects: 2.264900 ms  DeleteObjects: 0.112200 ms)

========================================================================
Received Import Request.
  Time since last request: 153.612019 seconds.
  path: Assets/MobileGameDev/Scripts/Key.cs
  artifactKey: Guid(89f312642fda60c499df0b5d44f1d12f) Importer(815301076,1909f56bfc062723c751e8b465ee728b)
Start importing Assets/MobileGameDev/Scripts/Key.cs using Guid(89f312642fda60c499df0b5d44f1d12f) Importer(815301076,1909f56bfc062723c751e8b465ee728b)  -> (artifact id: '1864d4da9475e25b44d838b3022b6a6d') in 0.014738 seconds
  Import took 0.018403 seconds .

========================================================================
Received Prepare
Registering precompiled user dll's ...
Registered in 0.000607 seconds.
Begin MonoManager ReloadAssembly
Native extension for WindowsStandalone target not found
Refreshing native plugins compatible for Editor in 0.33 ms, found 0 plugins.
Preloading 0 native plugins for Editor in 0.00 ms.
Warning: Annotation not found!
UnityEngine.StackTraceUtility:ExtractStackTrace ()
UnityEditor.ProBuilder.EditorUtility:SetGizmoIconEnabled (System.Type,bool) (at Library/PackageCache/com.unity.probuilder@4.4.0/Editor/EditorCore/EditorUtility.cs:593)
UnityEditor.ProBuilder.HierarchyListener:.cctor () (at Library/PackageCache/com.unity.probuilder@4.4.0/Editor/EditorCore/HierarchyListener.cs:21)
System.Runtime.CompilerServices.RuntimeHelpers:RunClassConstructor (System.RuntimeTypeHandle)
UnityEditor.EditorAssemblies:ProcessInitializeOnLoadAttributes (System.Type[])

[Library/PackageCache/com.unity.probuilder@4.4.0/Editor/EditorCore/EditorUtility.cs line 593]

Invoked RoslynAnalysisRunner static constructor.
RoslynAnalysisRunner will not be running.
RoslynAnalysisRunner has terminated.
Mono: successfully reloaded assembly
- Completed reload, in  0.798 seconds
Platform modules already initialized, skipping
Refreshing native plugins compatible for Editor in 0.29 ms, found 0 plugins.
Preloading 0 native plugins for Editor in 0.00 ms.
Unloading 1479 Unused Serialized files (Serialized files now loaded: 0)
System memory in use before: 73.5 MB.
System memory in use after: 73.6 MB.

Unloading 5 unused Assets to reduce memory usage. Loaded Objects now: 1957.
Total: 2.454100 ms (FindLiveObjects: 0.435900 ms CreateObjectMapping: 0.118300 ms MarkObjects: 1.798500 ms  DeleteObjects: 0.094100 ms)

========================================================================
Received Prepare
Registering precompiled user dll's ...
Registered in 0.000808 seconds.
Begin MonoManager ReloadAssembly
Native extension for WindowsStandalone target not found
Refreshing native plugins compatible for Editor in 0.37 ms, found 0 plugins.
Preloading 0 native plugins for Editor in 0.00 ms.
Warning: Annotation not found!
UnityEngine.StackTraceUtility:ExtractStackTrace ()
UnityEditor.ProBuilder.EditorUtility:SetGizmoIconEnabled (System.Type,bool) (at Library/PackageCache/com.unity.probuilder@4.4.0/Editor/EditorCore/EditorUtility.cs:593)
UnityEditor.ProBuilder.HierarchyListener:.cctor () (at Library/PackageCache/com.unity.probuilder@4.4.0/Editor/EditorCore/HierarchyListener.cs:21)
System.Runtime.CompilerServices.RuntimeHelpers:RunClassConstructor (System.RuntimeTypeHandle)
UnityEditor.EditorAssemblies:ProcessInitializeOnLoadAttributes (System.Type[])

[Library/PackageCache/com.unity.probuilder@4.4.0/Editor/EditorCore/EditorUtility.cs line 593]

Invoked RoslynAnalysisRunner static constructor.
RoslynAnalysisRunner will not be running.
RoslynAnalysisRunner has terminated.
Mono: successfully reloaded assembly
- Completed reload, in  1.303 seconds
Platform modules already initialized, skipping
Refreshing native plugins compatible for Editor in 0.39 ms, found 0 plugins.
Preloading 0 native plugins for Editor in 0.00 ms.
Unloading 1479 Unused Serialized files (Serialized files now loaded: 0)
System memory in use before: 74.0 MB.
System memory in use after: 74.1 MB.

Unloading 5 unused Assets to reduce memory usage. Loaded Objects now: 1959.
Total: 2.793100 ms (FindLiveObjects: 0.209100 ms CreateObjectMapping: 0.072100 ms MarkObjects: 2.409700 ms  DeleteObjects: 0.100200 ms)

========================================================================
Received Prepare
Registering precompiled user dll's ...
Registered in 0.000596 seconds.
Begin MonoManager ReloadAssembly
Native extension for WindowsStandalone target not found
Refreshing native plugins compatible for Editor in 0.26 ms, found 0 plugins.
Preloading 0 native plugins for Editor in 0.00 ms.
Warning: Annotation not found!
UnityEngine.StackTraceUtility:ExtractStackTrace ()
UnityEditor.ProBuilder.EditorUtility:SetGizmoIconEnabled (System.Type,bool) (at Library/PackageCache/com.unity.probuilder@4.4.0/Editor/EditorCore/EditorUtility.cs:593)
UnityEditor.ProBuilder.HierarchyListener:.cctor () (at Library/PackageCache/com.unity.probuilder@4.4.0/Editor/EditorCore/HierarchyListener.cs:21)
System.Runtime.CompilerServices.RuntimeHelpers:RunClassConstructor (System.RuntimeTypeHandle)
UnityEditor.EditorAssemblies:ProcessInitializeOnLoadAttributes (System.Type[])

[Library/PackageCache/com.unity.probuilder@4.4.0/Editor/EditorCore/EditorUtility.cs line 593]

Invoked RoslynAnalysisRunner static constructor.
RoslynAnalysisRunner will not be running.
RoslynAnalysisRunner has terminated.
Mono: successfully reloaded assembly
- Completed reload, in  0.893 seconds
Platform modules already initialized, skipping
Refreshing native plugins compatible for Editor in 0.30 ms, found 0 plugins.
Preloading 0 native plugins for Editor in 0.00 ms.
Unloading 1479 Unused Serialized files (Serialized files now loaded: 0)
System memory in use before: 74.4 MB.
System memory in use after: 74.5 MB.

Unloading 5 unused Assets to reduce memory usage. Loaded Objects now: 1961.
Total: 2.079900 ms (FindLiveObjects: 0.214800 ms CreateObjectMapping: 0.056500 ms MarkObjects: 1.737900 ms  DeleteObjects: 0.069200 ms)

========================================================================
Received Import Request.
  Time since last request: 219.589369 seconds.
  path: Assets/MobileGameDev/Prefabs/FinalKey.prefab
  artifactKey: Guid(4bad70e33bf270448bcb6a3932e5ce5e) Importer(815301076,1909f56bfc062723c751e8b465ee728b)
Start importing Assets/MobileGameDev/Prefabs/FinalKey.prefab using Guid(4bad70e33bf270448bcb6a3932e5ce5e) Importer(815301076,1909f56bfc062723c751e8b465ee728b)  -> (artifact id: '5b706ee03863163bfb9baf91a0682351') in 0.031364 seconds
  Import took 0.034131 seconds .

========================================================================
Received Import Request.
  Time since last request: 0.001635 seconds.
  path: Assets/MobileGameDev/Prefabs/FinalKey.prefab
  artifactKey: Guid(4bad70e33bf270448bcb6a3932e5ce5e) Importer(815301076,1909f56bfc062723c751e8b465ee728b)
Start importing Assets/MobileGameDev/Prefabs/FinalKey.prefab using Guid(4bad70e33bf270448bcb6a3932e5ce5e) Importer(815301076,1909f56bfc062723c751e8b465ee728b)  -> (artifact id: '5b706ee03863163bfb9baf91a0682351') in 0.006892 seconds
  Import took 0.009848 seconds .

========================================================================
Received Prepare
Registering precompiled user dll's ...
Registered in 0.000754 seconds.
Begin MonoManager ReloadAssembly
Native extension for WindowsStandalone target not found
Refreshing native plugins compatible for Editor in 0.60 ms, found 0 plugins.
Preloading 0 native plugins for Editor in 0.00 ms.
Warning: Annotation not found!
UnityEngine.StackTraceUtility:ExtractStackTrace ()
UnityEditor.ProBuilder.EditorUtility:SetGizmoIconEnabled (System.Type,bool) (at Library/PackageCache/com.unity.probuilder@4.4.0/Editor/EditorCore/EditorUtility.cs:593)
UnityEditor.ProBuilder.HierarchyListener:.cctor () (at Library/PackageCache/com.unity.probuilder@4.4.0/Editor/EditorCore/HierarchyListener.cs:21)
System.Runtime.CompilerServices.RuntimeHelpers:RunClassConstructor (System.RuntimeTypeHandle)
UnityEditor.EditorAssemblies:ProcessInitializeOnLoadAttributes (System.Type[])

[Library/PackageCache/com.unity.probuilder@4.4.0/Editor/EditorCore/EditorUtility.cs line 593]

Invoked RoslynAnalysisRunner static constructor.
RoslynAnalysisRunner will not be running.
RoslynAnalysisRunner has terminated.
Mono: successfully reloaded assembly
- Completed reload, in  2.221 seconds
Platform modules already initialized, skipping
Refreshing native plugins compatible for Editor in 1.00 ms, found 0 plugins.
Preloading 0 native plugins for Editor in 0.00 ms.
Unloading 1479 Unused Serialized files (Serialized files now loaded: 0)
System memory in use before: 74.5 MB.
System memory in use after: 74.6 MB.

Unloading 5 unused Assets to reduce memory usage. Loaded Objects now: 1963.
Total: 5.177500 ms (FindLiveObjects: 0.351200 ms CreateObjectMapping: 0.140100 ms MarkObjects: 4.539200 ms  DeleteObjects: 0.143400 ms)

========================================================================
Received Prepare
Registering precompiled user dll's ...
Registered in 0.001092 seconds.
Begin MonoManager ReloadAssembly
Native extension for WindowsStandalone target not found
Refreshing native plugins compatible for Editor in 0.35 ms, found 0 plugins.
Preloading 0 native plugins for Editor in 0.00 ms.
Warning: Annotation not found!
UnityEngine.StackTraceUtility:ExtractStackTrace ()
UnityEditor.ProBuilder.EditorUtility:SetGizmoIconEnabled (System.Type,bool) (at Library/PackageCache/com.unity.probuilder@4.4.0/Editor/EditorCore/EditorUtility.cs:593)
UnityEditor.ProBuilder.HierarchyListener:.cctor () (at Library/PackageCache/com.unity.probuilder@4.4.0/Editor/EditorCore/HierarchyListener.cs:21)
System.Runtime.CompilerServices.RuntimeHelpers:RunClassConstructor (System.RuntimeTypeHandle)
UnityEditor.EditorAssemblies:ProcessInitializeOnLoadAttributes (System.Type[])

[Library/PackageCache/com.unity.probuilder@4.4.0/Editor/EditorCore/EditorUtility.cs line 593]

Invoked RoslynAnalysisRunner static constructor.
RoslynAnalysisRunner will not be running.
RoslynAnalysisRunner has terminated.
Mono: successfully reloaded assembly
- Completed reload, in  1.289 seconds
Platform modules already initialized, skipping
Refreshing native plugins compatible for Editor in 0.36 ms, found 0 plugins.
Preloading 0 native plugins for Editor in 0.00 ms.
Unloading 1479 Unused Serialized files (Serialized files now loaded: 0)
System memory in use before: 74.2 MB.
System memory in use after: 74.3 MB.

Unloading 5 unused Assets to reduce memory usage. Loaded Objects now: 1965.
Total: 2.929900 ms (FindLiveObjects: 0.371800 ms CreateObjectMapping: 0.145000 ms MarkObjects: 2.316100 ms  DeleteObjects: 0.094000 ms)

========================================================================
Received Prepare
Registering precompiled user dll's ...
Registered in 0.001340 seconds.
Begin MonoManager ReloadAssembly
Native extension for WindowsStandalone target not found
Refreshing native plugins compatible for Editor in 0.38 ms, found 0 plugins.
Preloading 0 native plugins for Editor in 0.00 ms.
Warning: Annotation not found!
UnityEngine.StackTraceUtility:ExtractStackTrace ()
UnityEditor.ProBuilder.EditorUtility:SetGizmoIconEnabled (System.Type,bool) (at Library/PackageCache/com.unity.probuilder@4.4.0/Editor/EditorCore/EditorUtility.cs:593)
UnityEditor.ProBuilder.HierarchyListener:.cctor () (at Library/PackageCache/com.unity.probuilder@4.4.0/Editor/EditorCore/HierarchyListener.cs:21)
System.Runtime.CompilerServices.RuntimeHelpers:RunClassConstructor (System.RuntimeTypeHandle)
UnityEditor.EditorAssemblies:ProcessInitializeOnLoadAttributes (System.Type[])

[Library/PackageCache/com.unity.probuilder@4.4.0/Editor/EditorCore/EditorUtility.cs line 593]

Invoked RoslynAnalysisRunner static constructor.
RoslynAnalysisRunner will not be running.
RoslynAnalysisRunner has terminated.
Mono: successfully reloaded assembly
- Completed reload, in  1.344 seconds
Platform modules already initialized, skipping
Refreshing native plugins compatible for Editor in 0.46 ms, found 0 plugins.
Preloading 0 native plugins for Editor in 0.00 ms.
Unloading 1479 Unused Serialized files (Serialized files now loaded: 0)
System memory in use before: 74.5 MB.
System memory in use after: 74.6 MB.

Unloading 5 unused Assets to reduce memory usage. Loaded Objects now: 1967.
Total: 3.527700 ms (FindLiveObjects: 0.381200 ms CreateObjectMapping: 0.082900 ms MarkObjects: 2.963700 ms  DeleteObjects: 0.096200 ms)

========================================================================
Received Prepare
Registering precompiled user dll's ...
Registered in 0.000810 seconds.
Begin MonoManager ReloadAssembly
Native extension for WindowsStandalone target not found
Refreshing native plugins compatible for Editor in 0.33 ms, found 0 plugins.
Preloading 0 native plugins for Editor in 0.00 ms.
Warning: Annotation not found!
UnityEngine.StackTraceUtility:ExtractStackTrace ()
UnityEditor.ProBuilder.EditorUtility:SetGizmoIconEnabled (System.Type,bool) (at Library/PackageCache/com.unity.probuilder@4.4.0/Editor/EditorCore/EditorUtility.cs:593)
UnityEditor.ProBuilder.HierarchyListener:.cctor () (at Library/PackageCache/com.unity.probuilder@4.4.0/Editor/EditorCore/HierarchyListener.cs:21)
System.Runtime.CompilerServices.RuntimeHelpers:RunClassConstructor (System.RuntimeTypeHandle)
UnityEditor.EditorAssemblies:ProcessInitializeOnLoadAttributes (System.Type[])

[Library/PackageCache/com.unity.probuilder@4.4.0/Editor/EditorCore/EditorUtility.cs line 593]

Invoked RoslynAnalysisRunner static constructor.
RoslynAnalysisRunner will not be running.
RoslynAnalysisRunner has terminated.
Mono: successfully reloaded assembly
- Completed reload, in  1.172 seconds
Platform modules already initialized, skipping
Refreshing native plugins compatible for Editor in 0.35 ms, found 0 plugins.
Preloading 0 native plugins for Editor in 0.00 ms.
Unloading 1479 Unused Serialized files (Serialized files now loaded: 0)
System memory in use before: 73.9 MB.
System memory in use after: 74.0 MB.

Unloading 5 unused Assets to reduce memory usage. Loaded Objects now: 1969.
Total: 2.691100 ms (FindLiveObjects: 0.204100 ms CreateObjectMapping: 0.069400 ms MarkObjects: 2.316300 ms  DeleteObjects: 0.099400 ms)

========================================================================
Received Import Request.
  Time since last request: 3560.227151 seconds.
  path: Assets/MobileGameDev/Scenes/SampleScene
  artifactKey: Guid(f5e7e3c8c84b81943acfdca6fc75fff9) Importer(815301076,1909f56bfc062723c751e8b465ee728b)
Start importing Assets/MobileGameDev/Scenes/SampleScene using Guid(f5e7e3c8c84b81943acfdca6fc75fff9) Importer(815301076,1909f56bfc062723c751e8b465ee728b)  -> (artifact id: '46c11dcd60c2beccae4f83643b586d66') in 0.026688 seconds
  Import took 0.070188 seconds .

========================================================================
Received Import Request.
  Time since last request: 11.818099 seconds.
  path: Assets/MobileGameDev/Scenes/EndGame.unity
  artifactKey: Guid(fa1299416b8842542abc0370fed3fbc6) Importer(815301076,1909f56bfc062723c751e8b465ee728b)
Start importing Assets/MobileGameDev/Scenes/EndGame.unity using Guid(fa1299416b8842542abc0370fed3fbc6) Importer(815301076,1909f56bfc062723c751e8b465ee728b)  -> (artifact id: '9c84ebb19e75b5f75ad604ca0dc23002') in 0.026208 seconds
  Import took 0.029677 seconds .

========================================================================
Received Import Request.
  Time since last request: 11.026947 seconds.
  path: Assets/MobileGameDev/Scenes/MainMenu.unity
  artifactKey: Guid(b7635582558e6074eb232e6af4de521d) Importer(815301076,1909f56bfc062723c751e8b465ee728b)
Start importing Assets/MobileGameDev/Scenes/MainMenu.unity using Guid(b7635582558e6074eb232e6af4de521d) Importer(815301076,1909f56bfc062723c751e8b465ee728b)  -> (artifact id: 'a8f4f47e647c2e82c02cd7aa8a525fdc') in 0.011277 seconds
  Import took 0.014092 seconds .

========================================================================
Received Import Request.
  Time since last request: 311.963177 seconds.
  path: Assets/MobileGameDev/Scripts/Menu Scripts
  artifactKey: Guid(d67115ef2fdc2824d968c0132c20e804) Importer(815301076,1909f56bfc062723c751e8b465ee728b)
Start importing Assets/MobileGameDev/Scripts/Menu Scripts using Guid(d67115ef2fdc2824d968c0132c20e804) Importer(815301076,1909f56bfc062723c751e8b465ee728b)  -> (artifact id: 'ee3f1e5916b5a6baa928edde85db9673') in 0.015939 seconds
  Import took 0.021453 seconds .

========================================================================
Received Import Request.
  Time since last request: 0.009084 seconds.
  path: Assets/MobileGameDev/Scripts/Menu Scripts
  artifactKey: Guid(d67115ef2fdc2824d968c0132c20e804) Importer(815301076,1909f56bfc062723c751e8b465ee728b)
Start importing Assets/MobileGameDev/Scripts/Menu Scripts using Guid(d67115ef2fdc2824d968c0132c20e804) Importer(815301076,1909f56bfc062723c751e8b465ee728b)  -> (artifact id: 'ee3f1e5916b5a6baa928edde85db9673') in 0.005633 seconds
  Import took 0.009975 seconds .

========================================================================
Received Import Request.
  Time since last request: 12.089783 seconds.
  path: Assets/MobileGameDev/Scripts/Menu Scripts/SceneChange.cs
  artifactKey: Guid(9d11bbe5f65202244a99fca7f11f9248) Importer(815301076,1909f56bfc062723c751e8b465ee728b)
Start importing Assets/MobileGameDev/Scripts/Menu Scripts/SceneChange.cs using Guid(9d11bbe5f65202244a99fca7f11f9248) Importer(815301076,1909f56bfc062723c751e8b465ee728b)  -> (artifact id: 'a77178f0e5fec53f0a924995c4440ccc') in 0.011982 seconds
  Import took 0.015632 seconds .

========================================================================
Received Prepare
Registering precompiled user dll's ...
Registered in 0.000810 seconds.
Begin MonoManager ReloadAssembly
Native extension for WindowsStandalone target not found
Refreshing native plugins compatible for Editor in 0.52 ms, found 0 plugins.
Preloading 0 native plugins for Editor in 0.00 ms.
Warning: Annotation not found!
UnityEngine.StackTraceUtility:ExtractStackTrace ()
UnityEditor.ProBuilder.EditorUtility:SetGizmoIconEnabled (System.Type,bool) (at Library/PackageCache/com.unity.probuilder@4.4.0/Editor/EditorCore/EditorUtility.cs:593)
UnityEditor.ProBuilder.HierarchyListener:.cctor () (at Library/PackageCache/com.unity.probuilder@4.4.0/Editor/EditorCore/HierarchyListener.cs:21)
System.Runtime.CompilerServices.RuntimeHelpers:RunClassConstructor (System.RuntimeTypeHandle)
UnityEditor.EditorAssemblies:ProcessInitializeOnLoadAttributes (System.Type[])

[Library/PackageCache/com.unity.probuilder@4.4.0/Editor/EditorCore/EditorUtility.cs line 593]

Invoked RoslynAnalysisRunner static constructor.
RoslynAnalysisRunner will not be running.
RoslynAnalysisRunner has terminated.
Mono: successfully reloaded assembly
- Completed reload, in  1.434 seconds
Platform modules already initialized, skipping
Refreshing native plugins compatible for Editor in 0.35 ms, found 0 plugins.
Preloading 0 native plugins for Editor in 0.00 ms.
Unloading 1493 Unused Serialized files (Serialized files now loaded: 0)
System memory in use before: 76.0 MB.
System memory in use after: 75.5 MB.

Unloading 18 unused Assets to reduce memory usage. Loaded Objects now: 1972.
Total: 3.511000 ms (FindLiveObjects: 0.298400 ms CreateObjectMapping: 0.079500 ms MarkObjects: 2.587400 ms  DeleteObjects: 0.542000 ms)

========================================================================
Received Import Request.
  Time since last request: 15.099441 seconds.
  path: Assets/MobileGameDev/Scripts/Menu Scripts/QuitSript.cs
  artifactKey: Guid(2d70972b952f79e4c8a1fc2c2fa68a25) Importer(815301076,1909f56bfc062723c751e8b465ee728b)
Start importing Assets/MobileGameDev/Scripts/Menu Scripts/QuitSript.cs using Guid(2d70972b952f79e4c8a1fc2c2fa68a25) Importer(815301076,1909f56bfc062723c751e8b465ee728b)  -> (artifact id: '3080bc778e98eaf10a7c3af2854efc9c') in 0.012562 seconds
  Import took 0.015793 seconds .

========================================================================
Received Import Request.
  Time since last request: 0.040849 seconds.
  path: Assets/MobileGameDev/Scripts/Menu Scripts/QuitSript.cs
  artifactKey: Guid(2d70972b952f79e4c8a1fc2c2fa68a25) Importer(815301076,1909f56bfc062723c751e8b465ee728b)
Start importing Assets/MobileGameDev/Scripts/Menu Scripts/QuitSript.cs using Guid(2d70972b952f79e4c8a1fc2c2fa68a25) Importer(815301076,1909f56bfc062723c751e8b465ee728b)  -> (artifact id: '3080bc778e98eaf10a7c3af2854efc9c') in 0.005583 seconds
  Import took 0.009294 seconds .

========================================================================
Received Prepare
Registering precompiled user dll's ...
Registered in 0.001120 seconds.
Begin MonoManager ReloadAssembly
Native extension for WindowsStandalone target not found
Refreshing native plugins compatible for Editor in 0.33 ms, found 0 plugins.
Preloading 0 native plugins for Editor in 0.00 ms.
Warning: Annotation not found!
UnityEngine.StackTraceUtility:ExtractStackTrace ()
UnityEditor.ProBuilder.EditorUtility:SetGizmoIconEnabled (System.Type,bool) (at Library/PackageCache/com.unity.probuilder@4.4.0/Editor/EditorCore/EditorUtility.cs:593)
UnityEditor.ProBuilder.HierarchyListener:.cctor () (at Library/PackageCache/com.unity.probuilder@4.4.0/Editor/EditorCore/HierarchyListener.cs:21)
System.Runtime.CompilerServices.RuntimeHelpers:RunClassConstructor (System.RuntimeTypeHandle)
UnityEditor.EditorAssemblies:ProcessInitializeOnLoadAttributes (System.Type[])

[Library/PackageCache/com.unity.probuilder@4.4.0/Editor/EditorCore/EditorUtility.cs line 593]

Invoked RoslynAnalysisRunner static constructor.
RoslynAnalysisRunner will not be running.
RoslynAnalysisRunner has terminated.
Mono: successfully reloaded assembly
- Completed reload, in  1.195 seconds
Platform modules already initialized, skipping
Refreshing native plugins compatible for Editor in 0.34 ms, found 0 plugins.
Preloading 0 native plugins for Editor in 0.00 ms.
Unloading 1494 Unused Serialized files (Serialized files now loaded: 0)
System memory in use before: 76.3 MB.
System memory in use after: 75.8 MB.

Unloading 18 unused Assets to reduce memory usage. Loaded Objects now: 1975.
Total: 4.043000 ms (FindLiveObjects: 0.204600 ms CreateObjectMapping: 0.066300 ms MarkObjects: 3.098500 ms  DeleteObjects: 0.669800 ms)

========================================================================
Received Import Request.
  Time since last request: 218.126569 seconds.
  path: Assets/MobileGameDev/Scripts/Menu Scripts/QuitSript.cs
  artifactKey: Guid(2d70972b952f79e4c8a1fc2c2fa68a25) Importer(815301076,1909f56bfc062723c751e8b465ee728b)
Start importing Assets/MobileGameDev/Scripts/Menu Scripts/QuitSript.cs using Guid(2d70972b952f79e4c8a1fc2c2fa68a25) Importer(815301076,1909f56bfc062723c751e8b465ee728b)  -> (artifact id: 'b97bcfa92233f4dc6e3abeace5b346d4') in 0.008729 seconds
  Import took 0.012738 seconds .

========================================================================
Received Import Request.
  Time since last request: 0.112529 seconds.
  path: Assets/MobileGameDev/Scripts/Menu Scripts/QuitSript.cs
  artifactKey: Guid(2d70972b952f79e4c8a1fc2c2fa68a25) Importer(815301076,1909f56bfc062723c751e8b465ee728b)
Start importing Assets/MobileGameDev/Scripts/Menu Scripts/QuitSript.cs using Guid(2d70972b952f79e4c8a1fc2c2fa68a25) Importer(815301076,1909f56bfc062723c751e8b465ee728b)  -> (artifact id: 'b97bcfa92233f4dc6e3abeace5b346d4') in 0.006221 seconds
  Import took 0.011271 seconds .

========================================================================
Received Prepare
Registering precompiled user dll's ...
Registered in 0.000816 seconds.
Begin MonoManager ReloadAssembly
Native extension for WindowsStandalone target not found
Refreshing native plugins compatible for Editor in 0.33 ms, found 0 plugins.
Preloading 0 native plugins for Editor in 0.00 ms.
Warning: Annotation not found!
UnityEngine.StackTraceUtility:ExtractStackTrace ()
UnityEditor.ProBuilder.EditorUtility:SetGizmoIconEnabled (System.Type,bool) (at Library/PackageCache/com.unity.probuilder@4.4.0/Editor/EditorCore/EditorUtility.cs:593)
UnityEditor.ProBuilder.HierarchyListener:.cctor () (at Library/PackageCache/com.unity.probuilder@4.4.0/Editor/EditorCore/HierarchyListener.cs:21)
System.Runtime.CompilerServices.RuntimeHelpers:RunClassConstructor (System.RuntimeTypeHandle)
UnityEditor.EditorAssemblies:ProcessInitializeOnLoadAttributes (System.Type[])

[Library/PackageCache/com.unity.probuilder@4.4.0/Editor/EditorCore/EditorUtility.cs line 593]

Invoked RoslynAnalysisRunner static constructor.
RoslynAnalysisRunner will not be running.
RoslynAnalysisRunner has terminated.
Mono: successfully reloaded assembly
- Completed reload, in  1.171 seconds
Platform modules already initialized, skipping
Refreshing native plugins compatible for Editor in 0.67 ms, found 0 plugins.
Preloading 0 native plugins for Editor in 0.00 ms.
Unloading 1494 Unused Serialized files (Serialized files now loaded: 0)
System memory in use before: 75.9 MB.
System memory in use after: 75.3 MB.

Unloading 18 unused Assets to reduce memory usage. Loaded Objects now: 1977.
Total: 9.846300 ms (FindLiveObjects: 0.485500 ms CreateObjectMapping: 0.178400 ms MarkObjects: 8.259400 ms  DeleteObjects: 0.918800 ms)

========================================================================
Received Prepare
Registering precompiled user dll's ...
Registered in 0.001027 seconds.
Begin MonoManager ReloadAssembly
Native extension for WindowsStandalone target not found
Refreshing native plugins compatible for Editor in 0.74 ms, found 0 plugins.
Preloading 0 native plugins for Editor in 0.00 ms.
Warning: Annotation not found!
UnityEngine.StackTraceUtility:ExtractStackTrace ()
UnityEditor.ProBuilder.EditorUtility:SetGizmoIconEnabled (System.Type,bool) (at Library/PackageCache/com.unity.probuilder@4.4.0/Editor/EditorCore/EditorUtility.cs:593)
UnityEditor.ProBuilder.HierarchyListener:.cctor () (at Library/PackageCache/com.unity.probuilder@4.4.0/Editor/EditorCore/HierarchyListener.cs:21)
System.Runtime.CompilerServices.RuntimeHelpers:RunClassConstructor (System.RuntimeTypeHandle)
UnityEditor.EditorAssemblies:ProcessInitializeOnLoadAttributes (System.Type[])

[Library/PackageCache/com.unity.probuilder@4.4.0/Editor/EditorCore/EditorUtility.cs line 593]

Invoked RoslynAnalysisRunner static constructor.
RoslynAnalysisRunner will not be running.
RoslynAnalysisRunner has terminated.
Mono: successfully reloaded assembly
- Completed reload, in  1.218 seconds
Platform modules already initialized, skipping
Refreshing native plugins compatible for Editor in 0.34 ms, found 0 plugins.
Preloading 0 native plugins for Editor in 0.00 ms.
Unloading 1494 Unused Serialized files (Serialized files now loaded: 0)
System memory in use before: 76.2 MB.
System memory in use after: 75.7 MB.

Unloading 18 unused Assets to reduce memory usage. Loaded Objects now: 1979.
Total: 3.197500 ms (FindLiveObjects: 0.270600 ms CreateObjectMapping: 0.077900 ms MarkObjects: 2.376700 ms  DeleteObjects: 0.469800 ms)

========================================================================
Received Import Request.
  Time since last request: 368.872709 seconds.
  path: Assets/MobileGameDev/Scenes/SampleScene.unity
  artifactKey: Guid(9fc0d4010bbf28b4594072e72b8655ab) Importer(815301076,1909f56bfc062723c751e8b465ee728b)
Start importing Assets/MobileGameDev/Scenes/SampleScene.unity using Guid(9fc0d4010bbf28b4594072e72b8655ab) Importer(815301076,1909f56bfc062723c751e8b465ee728b)  -> (artifact id: 'cc8567aed3196c57987a4b76d89d51c0') in 0.020767 seconds
  Import took 0.025802 seconds .

========================================================================
Received Import Request.
  Time since last request: 708.150347 seconds.
  path: Assets/MobileGameDev/Scripts/Portal.cs
  artifactKey: Guid(b1c15911f48b0cc44893f6e9e58f2ce1) Importer(815301076,1909f56bfc062723c751e8b465ee728b)
Start importing Assets/MobileGameDev/Scripts/Portal.cs using Guid(b1c15911f48b0cc44893f6e9e58f2ce1) Importer(815301076,1909f56bfc062723c751e8b465ee728b)  -> (artifact id: '1181f3c7c8d16b9f67764e2e1d8684e2') in 0.012608 seconds
  Import took 0.016763 seconds .

========================================================================
Received Import Request.
  Time since last request: 0.001111 seconds.
  path: Assets/MobileGameDev/Scripts/Portal.cs
  artifactKey: Guid(b1c15911f48b0cc44893f6e9e58f2ce1) Importer(815301076,1909f56bfc062723c751e8b465ee728b)
Start importing Assets/MobileGameDev/Scripts/Portal.cs using Guid(b1c15911f48b0cc44893f6e9e58f2ce1) Importer(815301076,1909f56bfc062723c751e8b465ee728b)  -> (artifact id: '1181f3c7c8d16b9f67764e2e1d8684e2') in 0.004028 seconds
  Import took 0.007626 seconds .

========================================================================
Received Prepare
Registering precompiled user dll's ...
Registered in 0.000804 seconds.
Begin MonoManager ReloadAssembly
Native extension for WindowsStandalone target not found
Refreshing native plugins compatible for Editor in 0.43 ms, found 0 plugins.
Preloading 0 native plugins for Editor in 0.00 ms.
Warning: Annotation not found!
UnityEngine.StackTraceUtility:ExtractStackTrace ()
UnityEditor.ProBuilder.EditorUtility:SetGizmoIconEnabled (System.Type,bool) (at Library/PackageCache/com.unity.probuilder@4.4.0/Editor/EditorCore/EditorUtility.cs:593)
UnityEditor.ProBuilder.HierarchyListener:.cctor () (at Library/PackageCache/com.unity.probuilder@4.4.0/Editor/EditorCore/HierarchyListener.cs:21)
System.Runtime.CompilerServices.RuntimeHelpers:RunClassConstructor (System.RuntimeTypeHandle)
UnityEditor.EditorAssemblies:ProcessInitializeOnLoadAttributes (System.Type[])

[Library/PackageCache/com.unity.probuilder@4.4.0/Editor/EditorCore/EditorUtility.cs line 593]

Invoked RoslynAnalysisRunner static constructor.
RoslynAnalysisRunner will not be running.
RoslynAnalysisRunner has terminated.
Mono: successfully reloaded assembly
- Completed reload, in  1.260 seconds
Platform modules already initialized, skipping
Refreshing native plugins compatible for Editor in 0.51 ms, found 0 plugins.
Preloading 0 native plugins for Editor in 0.00 ms.
Unloading 1495 Unused Serialized files (Serialized files now loaded: 0)
System memory in use before: 76.3 MB.
System memory in use after: 75.8 MB.

Unloading 18 unused Assets to reduce memory usage. Loaded Objects now: 1982.
Total: 4.692300 ms (FindLiveObjects: 0.305200 ms CreateObjectMapping: 0.095500 ms MarkObjects: 3.562000 ms  DeleteObjects: 0.726600 ms)

========================================================================
Received Import Request.
  Time since last request: 118.428842 seconds.
  path: Assets/MobileGameDev/Scripts/Portal.cs
  artifactKey: Guid(b1c15911f48b0cc44893f6e9e58f2ce1) Importer(815301076,1909f56bfc062723c751e8b465ee728b)
Start importing Assets/MobileGameDev/Scripts/Portal.cs using Guid(b1c15911f48b0cc44893f6e9e58f2ce1) Importer(815301076,1909f56bfc062723c751e8b465ee728b)  -> (artifact id: '64fde504c84547a93cdcfc24d7ae26b1') in 0.014073 seconds
  Import took 0.019400 seconds .

========================================================================
Received Import Request.
  Time since last request: 0.102300 seconds.
  path: Assets/MobileGameDev/Scripts/Portal.cs
  artifactKey: Guid(b1c15911f48b0cc44893f6e9e58f2ce1) Importer(815301076,1909f56bfc062723c751e8b465ee728b)
Start importing Assets/MobileGameDev/Scripts/Portal.cs using Guid(b1c15911f48b0cc44893f6e9e58f2ce1) Importer(815301076,1909f56bfc062723c751e8b465ee728b)  -> (artifact id: '64fde504c84547a93cdcfc24d7ae26b1') in 0.004164 seconds
  Import took 0.008786 seconds .

========================================================================
Received Prepare
Registering precompiled user dll's ...
Registered in 0.000852 seconds.
Begin MonoManager ReloadAssembly
Native extension for WindowsStandalone target not found
Refreshing native plugins compatible for Editor in 0.37 ms, found 0 plugins.
Preloading 0 native plugins for Editor in 0.00 ms.
Warning: Annotation not found!
UnityEngine.StackTraceUtility:ExtractStackTrace ()
UnityEditor.ProBuilder.EditorUtility:SetGizmoIconEnabled (System.Type,bool) (at Library/PackageCache/com.unity.probuilder@4.4.0/Editor/EditorCore/EditorUtility.cs:593)
UnityEditor.ProBuilder.HierarchyListener:.cctor () (at Library/PackageCache/com.unity.probuilder@4.4.0/Editor/EditorCore/HierarchyListener.cs:21)
System.Runtime.CompilerServices.RuntimeHelpers:RunClassConstructor (System.RuntimeTypeHandle)
UnityEditor.EditorAssemblies:ProcessInitializeOnLoadAttributes (System.Type[])

[Library/PackageCache/com.unity.probuilder@4.4.0/Editor/EditorCore/EditorUtility.cs line 593]

Invoked RoslynAnalysisRunner static constructor.
RoslynAnalysisRunner will not be running.
RoslynAnalysisRunner has terminated.
Mono: successfully reloaded assembly
- Completed reload, in  1.519 seconds
Platform modules already initialized, skipping
Refreshing native plugins compatible for Editor in 0.44 ms, found 0 plugins.
Preloading 0 native plugins for Editor in 0.00 ms.
Unloading 1495 Unused Serialized files (Serialized files now loaded: 0)
System memory in use before: 76.0 MB.
System memory in use after: 75.5 MB.

Unloading 18 unused Assets to reduce memory usage. Loaded Objects now: 1984.
Total: 5.226800 ms (FindLiveObjects: 0.402600 ms CreateObjectMapping: 0.098100 ms MarkObjects: 4.107500 ms  DeleteObjects: 0.615200 ms)

========================================================================
Received Prepare
Registering precompiled user dll's ...
Registered in 0.001137 seconds.
Begin MonoManager ReloadAssembly
Native extension for WindowsStandalone target not found
Refreshing native plugins compatible for Editor in 0.39 ms, found 0 plugins.
Preloading 0 native plugins for Editor in 0.00 ms.
Warning: Annotation not found!
UnityEngine.StackTraceUtility:ExtractStackTrace ()
UnityEditor.ProBuilder.EditorUtility:SetGizmoIconEnabled (System.Type,bool) (at Library/PackageCache/com.unity.probuilder@4.4.0/Editor/EditorCore/EditorUtility.cs:593)
UnityEditor.ProBuilder.HierarchyListener:.cctor () (at Library/PackageCache/com.unity.probuilder@4.4.0/Editor/EditorCore/HierarchyListener.cs:21)
System.Runtime.CompilerServices.RuntimeHelpers:RunClassConstructor (System.RuntimeTypeHandle)
UnityEditor.EditorAssemblies:ProcessInitializeOnLoadAttributes (System.Type[])

[Library/PackageCache/com.unity.probuilder@4.4.0/Editor/EditorCore/EditorUtility.cs line 593]

Invoked RoslynAnalysisRunner static constructor.
RoslynAnalysisRunner will not be running.
RoslynAnalysisRunner has terminated.
Mono: successfully reloaded assembly
- Completed reload, in  1.334 seconds
Platform modules already initialized, skipping
Refreshing native plugins compatible for Editor in 0.36 ms, found 0 plugins.
Preloading 0 native plugins for Editor in 0.00 ms.
Unloading 1495 Unused Serialized files (Serialized files now loaded: 0)
System memory in use before: 76.3 MB.
System memory in use after: 75.8 MB.

Unloading 18 unused Assets to reduce memory usage. Loaded Objects now: 1986.
Total: 3.387700 ms (FindLiveObjects: 0.276500 ms CreateObjectMapping: 0.061200 ms MarkObjects: 2.560900 ms  DeleteObjects: 0.487400 ms)

========================================================================
Received Prepare
Registering precompiled user dll's ...
Registered in 0.001009 seconds.
Begin MonoManager ReloadAssembly
Native extension for WindowsStandalone target not found
Refreshing native plugins compatible for Editor in 0.61 ms, found 0 plugins.
Preloading 0 native plugins for Editor in 0.00 ms.
Warning: Annotation not found!
UnityEngine.StackTraceUtility:ExtractStackTrace ()
UnityEditor.ProBuilder.EditorUtility:SetGizmoIconEnabled (System.Type,bool) (at Library/PackageCache/com.unity.probuilder@4.4.0/Editor/EditorCore/EditorUtility.cs:593)
UnityEditor.ProBuilder.HierarchyListener:.cctor () (at Library/PackageCache/com.unity.probuilder@4.4.0/Editor/EditorCore/HierarchyListener.cs:21)
System.Runtime.CompilerServices.RuntimeHelpers:RunClassConstructor (System.RuntimeTypeHandle)
UnityEditor.EditorAssemblies:ProcessInitializeOnLoadAttributes (System.Type[])

[Library/PackageCache/com.unity.probuilder@4.4.0/Editor/EditorCore/EditorUtility.cs line 593]

Invoked RoslynAnalysisRunner static constructor.
RoslynAnalysisRunner will not be running.
RoslynAnalysisRunner has terminated.
Mono: successfully reloaded assembly
- Completed reload, in  2.429 seconds
Platform modules already initialized, skipping
Refreshing native plugins compatible for Editor in 0.41 ms, found 0 plugins.
Preloading 0 native plugins for Editor in 0.00 ms.
Unloading 1495 Unused Serialized files (Serialized files now loaded: 0)
System memory in use before: 75.8 MB.
System memory in use after: 75.3 MB.

Unloading 18 unused Assets to reduce memory usage. Loaded Objects now: 1988.
Total: 7.477800 ms (FindLiveObjects: 0.588100 ms CreateObjectMapping: 0.244700 ms MarkObjects: 4.737200 ms  DeleteObjects: 1.903600 ms)

========================================================================
Received Import Request.
  Time since last request: 1809.300564 seconds.
  path: ProjectSettings/TagManager.asset
  artifactKey: Guid(00000000000000003000000000000000) Importer(815301076,1909f56bfc062723c751e8b465ee728b)
Start importing ProjectSettings/TagManager.asset using Guid(00000000000000003000000000000000) Importer(815301076,1909f56bfc062723c751e8b465ee728b)  -> (artifact id: '255de3927e0e11ac3ab4b1a5a51fbc5b') in 0.031210 seconds
  Import took 0.035790 seconds .

========================================================================
Received Import Request.
  Time since last request: 0.001123 seconds.
  path: ProjectSettings/TagManager.asset
  artifactKey: Guid(00000000000000003000000000000000) Importer(815301076,1909f56bfc062723c751e8b465ee728b)
Start importing ProjectSettings/TagManager.asset using Guid(00000000000000003000000000000000) Importer(815301076,1909f56bfc062723c751e8b465ee728b)  -> (artifact id: '255de3927e0e11ac3ab4b1a5a51fbc5b') in 0.005209 seconds
  Import took 0.009273 seconds .

========================================================================
Received Import Request.
  Time since last request: 97.085288 seconds.
  path: Assets/MobileGameDev/Scripts/RoomTrigger.cs
  artifactKey: Guid(63aaf0f11ccf81746904c37709d194a5) Importer(815301076,1909f56bfc062723c751e8b465ee728b)
Start importing Assets/MobileGameDev/Scripts/RoomTrigger.cs using Guid(63aaf0f11ccf81746904c37709d194a5) Importer(815301076,1909f56bfc062723c751e8b465ee728b)  -> (artifact id: '4571ad0bd6468fa94e370a62eebfc6aa') in 0.017437 seconds
  Import took 0.024656 seconds .

========================================================================
Received Prepare
Registering precompiled user dll's ...
Registered in 0.001855 seconds.
Begin MonoManager ReloadAssembly
Native extension for WindowsStandalone target not found
Refreshing native plugins compatible for Editor in 0.37 ms, found 0 plugins.
Preloading 0 native plugins for Editor in 0.00 ms.
Warning: Annotation not found!
UnityEngine.StackTraceUtility:ExtractStackTrace ()
UnityEditor.ProBuilder.EditorUtility:SetGizmoIconEnabled (System.Type,bool) (at Library/PackageCache/com.unity.probuilder@4.4.0/Editor/EditorCore/EditorUtility.cs:593)
UnityEditor.ProBuilder.HierarchyListener:.cctor () (at Library/PackageCache/com.unity.probuilder@4.4.0/Editor/EditorCore/HierarchyListener.cs:21)
System.Runtime.CompilerServices.RuntimeHelpers:RunClassConstructor (System.RuntimeTypeHandle)
UnityEditor.EditorAssemblies:ProcessInitializeOnLoadAttributes (System.Type[])

[Library/PackageCache/com.unity.probuilder@4.4.0/Editor/EditorCore/EditorUtility.cs line 593]

Invoked RoslynAnalysisRunner static constructor.
RoslynAnalysisRunner will not be running.
RoslynAnalysisRunner has terminated.
Mono: successfully reloaded assembly
- Completed reload, in  1.783 seconds
Platform modules already initialized, skipping
Refreshing native plugins compatible for Editor in 1.81 ms, found 0 plugins.
Preloading 0 native plugins for Editor in 0.00 ms.
Unloading 1496 Unused Serialized files (Serialized files now loaded: 0)
System memory in use before: 76.2 MB.
System memory in use after: 75.7 MB.

Unloading 20 unused Assets to reduce memory usage. Loaded Objects now: 1991.
Total: 7.295000 ms (FindLiveObjects: 0.468200 ms CreateObjectMapping: 0.666200 ms MarkObjects: 5.469700 ms  DeleteObjects: 0.687500 ms)

========================================================================
Received Import Request.
  Time since last request: 160.945573 seconds.
  path: Assets/MobileGameDev/Scripts/RoomTrigger.cs
  artifactKey: Guid(63aaf0f11ccf81746904c37709d194a5) Importer(815301076,1909f56bfc062723c751e8b465ee728b)
Start importing Assets/MobileGameDev/Scripts/RoomTrigger.cs using Guid(63aaf0f11ccf81746904c37709d194a5) Importer(815301076,1909f56bfc062723c751e8b465ee728b)  -> (artifact id: '22b60d226e2379642f2b36a85ac290d7') in 0.015493 seconds
  Import took 0.022495 seconds .

========================================================================
Received Import Request.
  Time since last request: 0.007223 seconds.
  path: Assets/MobileGameDev/Scripts/RoomTrigger.cs
  artifactKey: Guid(63aaf0f11ccf81746904c37709d194a5) Importer(815301076,1909f56bfc062723c751e8b465ee728b)
Start importing Assets/MobileGameDev/Scripts/RoomTrigger.cs using Guid(63aaf0f11ccf81746904c37709d194a5) Importer(815301076,1909f56bfc062723c751e8b465ee728b)  -> (artifact id: '22b60d226e2379642f2b36a85ac290d7') in 0.007242 seconds
  Import took 0.013487 seconds .

========================================================================
Received Prepare
Registering precompiled user dll's ...
Registered in 0.001410 seconds.
Begin MonoManager ReloadAssembly
Native extension for WindowsStandalone target not found
Refreshing native plugins compatible for Editor in 0.63 ms, found 0 plugins.
Preloading 0 native plugins for Editor in 0.00 ms.
Warning: Annotation not found!
UnityEngine.StackTraceUtility:ExtractStackTrace ()
UnityEditor.ProBuilder.EditorUtility:SetGizmoIconEnabled (System.Type,bool) (at Library/PackageCache/com.unity.probuilder@4.4.0/Editor/EditorCore/EditorUtility.cs:593)
UnityEditor.ProBuilder.HierarchyListener:.cctor () (at Library/PackageCache/com.unity.probuilder@4.4.0/Editor/EditorCore/HierarchyListener.cs:21)
System.Runtime.CompilerServices.RuntimeHelpers:RunClassConstructor (System.RuntimeTypeHandle)
UnityEditor.EditorAssemblies:ProcessInitializeOnLoadAttributes (System.Type[])

[Library/PackageCache/com.unity.probuilder@4.4.0/Editor/EditorCore/EditorUtility.cs line 593]

Invoked RoslynAnalysisRunner static constructor.
RoslynAnalysisRunner will not be running.
RoslynAnalysisRunner has terminated.
Mono: successfully reloaded assembly
- Completed reload, in  2.420 seconds
Platform modules already initialized, skipping
Refreshing native plugins compatible for Editor in 0.49 ms, found 0 plugins.
Preloading 0 native plugins for Editor in 0.00 ms.
Unloading 1496 Unused Serialized files (Serialized files now loaded: 0)
System memory in use before: 76.3 MB.
System memory in use after: 75.8 MB.

Unloading 18 unused Assets to reduce memory usage. Loaded Objects now: 1993.
Total: 7.240300 ms (FindLiveObjects: 0.506300 ms CreateObjectMapping: 0.264200 ms MarkObjects: 5.363600 ms  DeleteObjects: 1.102200 ms)

========================================================================
Received Import Request.
  Time since last request: 38.696319 seconds.
  path: Assets/MobileGameDev/Prefabs/RoomTrigger.prefab
  artifactKey: Guid(34edb312896a243479e7d8c9e3c63088) Importer(815301076,1909f56bfc062723c751e8b465ee728b)
Start importing Assets/MobileGameDev/Prefabs/RoomTrigger.prefab using Guid(34edb312896a243479e7d8c9e3c63088) Importer(815301076,1909f56bfc062723c751e8b465ee728b)  -> (artifact id: 'a84e1b012c6c0d9acf081f90a95b7990') in 0.242246 seconds
  Import took 0.247388 seconds .

========================================================================
Received Import Request.
  Time since last request: 36.204969 seconds.
  path: Assets/MobileGameDev/Prefabs/Enemy.prefab
  artifactKey: Guid(2fdf616ddad3ac143a4f879f8c2d34de) Importer(815301076,1909f56bfc062723c751e8b465ee728b)
Start importing Assets/MobileGameDev/Prefabs/Enemy.prefab using Guid(2fdf616ddad3ac143a4f879f8c2d34de) Importer(815301076,1909f56bfc062723c751e8b465ee728b)  -> (artifact id: 'c97ef261c99d647ae59b0cf4544f2437') in 0.029789 seconds
  Import took 0.034568 seconds .

========================================================================
Received Prepare
Registering precompiled user dll's ...
Registered in 0.002010 seconds.
Begin MonoManager ReloadAssembly
Native extension for WindowsStandalone target not found
Refreshing native plugins compatible for Editor in 0.97 ms, found 0 plugins.
Preloading 0 native plugins for Editor in 0.00 ms.
Warning: Annotation not found!
UnityEngine.StackTraceUtility:ExtractStackTrace ()
UnityEditor.ProBuilder.EditorUtility:SetGizmoIconEnabled (System.Type,bool) (at Library/PackageCache/com.unity.probuilder@4.4.0/Editor/EditorCore/EditorUtility.cs:593)
UnityEditor.ProBuilder.HierarchyListener:.cctor () (at Library/PackageCache/com.unity.probuilder@4.4.0/Editor/EditorCore/HierarchyListener.cs:21)
System.Runtime.CompilerServices.RuntimeHelpers:RunClassConstructor (System.RuntimeTypeHandle)
UnityEditor.EditorAssemblies:ProcessInitializeOnLoadAttributes (System.Type[])

[Library/PackageCache/com.unity.probuilder@4.4.0/Editor/EditorCore/EditorUtility.cs line 593]

Invoked RoslynAnalysisRunner static constructor.
RoslynAnalysisRunner will not be running.
RoslynAnalysisRunner has terminated.
Mono: successfully reloaded assembly
- Completed reload, in  3.388 seconds
Platform modules already initialized, skipping
Refreshing native plugins compatible for Editor in 0.67 ms, found 0 plugins.
Preloading 0 native plugins for Editor in 0.00 ms.
Unloading 1496 Unused Serialized files (Serialized files now loaded: 0)
System memory in use before: 78.6 MB.
System memory in use after: 78.1 MB.

Unloading 18 unused Assets to reduce memory usage. Loaded Objects now: 2004.
Total: 8.969700 ms (FindLiveObjects: 0.454500 ms CreateObjectMapping: 0.154900 ms MarkObjects: 7.431900 ms  DeleteObjects: 0.920100 ms)

========================================================================
Received Prepare
Registering precompiled user dll's ...
Registered in 0.001144 seconds.
Begin MonoManager ReloadAssembly
Native extension for WindowsStandalone target not found
Refreshing native plugins compatible for Editor in 0.79 ms, found 0 plugins.
Preloading 0 native plugins for Editor in 0.00 ms.
Warning: Annotation not found!
UnityEngine.StackTraceUtility:ExtractStackTrace ()
UnityEditor.ProBuilder.EditorUtility:SetGizmoIconEnabled (System.Type,bool) (at Library/PackageCache/com.unity.probuilder@4.4.0/Editor/EditorCore/EditorUtility.cs:593)
UnityEditor.ProBuilder.HierarchyListener:.cctor () (at Library/PackageCache/com.unity.probuilder@4.4.0/Editor/EditorCore/HierarchyListener.cs:21)
System.Runtime.CompilerServices.RuntimeHelpers:RunClassConstructor (System.RuntimeTypeHandle)
UnityEditor.EditorAssemblies:ProcessInitializeOnLoadAttributes (System.Type[])

[Library/PackageCache/com.unity.probuilder@4.4.0/Editor/EditorCore/EditorUtility.cs line 593]

Invoked RoslynAnalysisRunner static constructor.
RoslynAnalysisRunner will not be running.
RoslynAnalysisRunner has terminated.
Mono: successfully reloaded assembly
- Completed reload, in  2.313 seconds
Platform modules already initialized, skipping
Refreshing native plugins compatible for Editor in 0.59 ms, found 0 plugins.
Preloading 0 native plugins for Editor in 0.00 ms.
Unloading 1496 Unused Serialized files (Serialized files now loaded: 0)
System memory in use before: 79.0 MB.
System memory in use after: 78.5 MB.

Unloading 18 unused Assets to reduce memory usage. Loaded Objects now: 2006.
Total: 9.221800 ms (FindLiveObjects: 0.396900 ms CreateObjectMapping: 0.629400 ms MarkObjects: 7.065200 ms  DeleteObjects: 1.126700 ms)

========================================================================
Received Prepare
Registering precompiled user dll's ...
Registered in 0.001310 seconds.
Begin MonoManager ReloadAssembly
Native extension for WindowsStandalone target not found
Refreshing native plugins compatible for Editor in 0.51 ms, found 0 plugins.
Preloading 0 native plugins for Editor in 0.00 ms.
Warning: Annotation not found!
UnityEngine.StackTraceUtility:ExtractStackTrace ()
UnityEditor.ProBuilder.EditorUtility:SetGizmoIconEnabled (System.Type,bool) (at Library/PackageCache/com.unity.probuilder@4.4.0/Editor/EditorCore/EditorUtility.cs:593)
UnityEditor.ProBuilder.HierarchyListener:.cctor () (at Library/PackageCache/com.unity.probuilder@4.4.0/Editor/EditorCore/HierarchyListener.cs:21)
System.Runtime.CompilerServices.RuntimeHelpers:RunClassConstructor (System.RuntimeTypeHandle)
UnityEditor.EditorAssemblies:ProcessInitializeOnLoadAttributes (System.Type[])

[Library/PackageCache/com.unity.probuilder@4.4.0/Editor/EditorCore/EditorUtility.cs line 593]

Invoked RoslynAnalysisRunner static constructor.
RoslynAnalysisRunner will not be running.
RoslynAnalysisRunner has terminated.
Mono: successfully reloaded assembly
- Completed reload, in  3.653 seconds
Platform modules already initialized, skipping
Refreshing native plugins compatible for Editor in 0.61 ms, found 0 plugins.
Preloading 0 native plugins for Editor in 0.00 ms.
Unloading 1496 Unused Serialized files (Serialized files now loaded: 0)
System memory in use before: 78.9 MB.
System memory in use after: 78.4 MB.

Unloading 18 unused Assets to reduce memory usage. Loaded Objects now: 2008.
Total: 10.632500 ms (FindLiveObjects: 0.321600 ms CreateObjectMapping: 0.118800 ms MarkObjects: 9.045000 ms  DeleteObjects: 1.143700 ms)

========================================================================
Received Prepare
Registering precompiled user dll's ...
Registered in 0.000963 seconds.
Begin MonoManager ReloadAssembly
Native extension for WindowsStandalone target not found
Refreshing native plugins compatible for Editor in 0.61 ms, found 0 plugins.
Preloading 0 native plugins for Editor in 0.00 ms.
Warning: Annotation not found!
UnityEngine.StackTraceUtility:ExtractStackTrace ()
UnityEditor.ProBuilder.EditorUtility:SetGizmoIconEnabled (System.Type,bool) (at Library/PackageCache/com.unity.probuilder@4.4.0/Editor/EditorCore/EditorUtility.cs:593)
UnityEditor.ProBuilder.HierarchyListener:.cctor () (at Library/PackageCache/com.unity.probuilder@4.4.0/Editor/EditorCore/HierarchyListener.cs:21)
System.Runtime.CompilerServices.RuntimeHelpers:RunClassConstructor (System.RuntimeTypeHandle)
UnityEditor.EditorAssemblies:ProcessInitializeOnLoadAttributes (System.Type[])

[Library/PackageCache/com.unity.probuilder@4.4.0/Editor/EditorCore/EditorUtility.cs line 593]

Invoked RoslynAnalysisRunner static constructor.
RoslynAnalysisRunner will not be running.
RoslynAnalysisRunner has terminated.
Mono: successfully reloaded assembly
- Completed reload, in  2.365 seconds
Platform modules already initialized, skipping
Refreshing native plugins compatible for Editor in 0.69 ms, found 0 plugins.
Preloading 0 native plugins for Editor in 0.00 ms.
Unloading 1496 Unused Serialized files (Serialized files now loaded: 0)
System memory in use before: 78.8 MB.
System memory in use after: 78.3 MB.

Unloading 18 unused Assets to reduce memory usage. Loaded Objects now: 2010.
Total: 4.513700 ms (FindLiveObjects: 0.301800 ms CreateObjectMapping: 0.086500 ms MarkObjects: 3.507600 ms  DeleteObjects: 0.614900 ms)

========================================================================
Received Prepare
Registering precompiled user dll's ...
Registered in 0.001548 seconds.
Begin MonoManager ReloadAssembly
Native extension for WindowsStandalone target not found
Refreshing native plugins compatible for Editor in 0.59 ms, found 0 plugins.
Preloading 0 native plugins for Editor in 0.00 ms.
Warning: Annotation not found!
UnityEngine.StackTraceUtility:ExtractStackTrace ()
UnityEditor.ProBuilder.EditorUtility:SetGizmoIconEnabled (System.Type,bool) (at Library/PackageCache/com.unity.probuilder@4.4.0/Editor/EditorCore/EditorUtility.cs:593)
UnityEditor.ProBuilder.HierarchyListener:.cctor () (at Library/PackageCache/com.unity.probuilder@4.4.0/Editor/EditorCore/HierarchyListener.cs:21)
System.Runtime.CompilerServices.RuntimeHelpers:RunClassConstructor (System.RuntimeTypeHandle)
UnityEditor.EditorAssemblies:ProcessInitializeOnLoadAttributes (System.Type[])

[Library/PackageCache/com.unity.probuilder@4.4.0/Editor/EditorCore/EditorUtility.cs line 593]

Invoked RoslynAnalysisRunner static constructor.
RoslynAnalysisRunner will not be running.
RoslynAnalysisRunner has terminated.
Mono: successfully reloaded assembly
- Completed reload, in  2.963 seconds
Platform modules already initialized, skipping
Refreshing native plugins compatible for Editor in 0.64 ms, found 0 plugins.
Preloading 0 native plugins for Editor in 0.00 ms.
Unloading 1496 Unused Serialized files (Serialized files now loaded: 0)
System memory in use before: 79.0 MB.
System memory in use after: 78.5 MB.

Unloading 18 unused Assets to reduce memory usage. Loaded Objects now: 2012.
Total: 5.320200 ms (FindLiveObjects: 0.371100 ms CreateObjectMapping: 0.148200 ms MarkObjects: 4.114300 ms  DeleteObjects: 0.683000 ms)

========================================================================
Received Prepare
Registering precompiled user dll's ...
Registered in 0.001037 seconds.
Begin MonoManager ReloadAssembly
Native extension for WindowsStandalone target not found
Refreshing native plugins compatible for Editor in 0.46 ms, found 0 plugins.
Preloading 0 native plugins for Editor in 0.00 ms.
Warning: Annotation not found!
UnityEngine.StackTraceUtility:ExtractStackTrace ()
UnityEditor.ProBuilder.EditorUtility:SetGizmoIconEnabled (System.Type,bool) (at Library/PackageCache/com.unity.probuilder@4.4.0/Editor/EditorCore/EditorUtility.cs:593)
UnityEditor.ProBuilder.HierarchyListener:.cctor () (at Library/PackageCache/com.unity.probuilder@4.4.0/Editor/EditorCore/HierarchyListener.cs:21)
System.Runtime.CompilerServices.RuntimeHelpers:RunClassConstructor (System.RuntimeTypeHandle)
UnityEditor.EditorAssemblies:ProcessInitializeOnLoadAttributes (System.Type[])

[Library/PackageCache/com.unity.probuilder@4.4.0/Editor/EditorCore/EditorUtility.cs line 593]

Invoked RoslynAnalysisRunner static constructor.
RoslynAnalysisRunner will not be running.
RoslynAnalysisRunner has terminated.
Mono: successfully reloaded assembly
- Completed reload, in  2.462 seconds
Platform modules already initialized, skipping
Refreshing native plugins compatible for Editor in 0.69 ms, found 0 plugins.
Preloading 0 native plugins for Editor in 0.00 ms.
Unloading 1496 Unused Serialized files (Serialized files now loaded: 0)
System memory in use before: 78.5 MB.
System memory in use after: 78.0 MB.

Unloading 18 unused Assets to reduce memory usage. Loaded Objects now: 2014.
Total: 8.027700 ms (FindLiveObjects: 0.563300 ms CreateObjectMapping: 0.276400 ms MarkObjects: 6.044100 ms  DeleteObjects: 1.138800 ms)

========================================================================
Received Import Request.
  Time since last request: 2080.198233 seconds.
  path: Assets/Examples/NullFrameworkException/Mobile/Input/GyroInputHandler.cs
  artifactKey: Guid(f8dd07000fbb360449ae5ba83f1d5d97) Importer(815301076,1909f56bfc062723c751e8b465ee728b)
Start importing Assets/Examples/NullFrameworkException/Mobile/Input/GyroInputHandler.cs using Guid(f8dd07000fbb360449ae5ba83f1d5d97) Importer(815301076,1909f56bfc062723c751e8b465ee728b)  -> (artifact id: 'dda429cf8c3ccc65fac25f991a9855bb') in 0.027711 seconds
  Import took 0.034093 seconds .

========================================================================
Received Import Request.
  Time since last request: 0.008274 seconds.
  path: Assets/Examples/NullFrameworkException/Mobile/Input/GyroInputHandler.cs
  artifactKey: Guid(f8dd07000fbb360449ae5ba83f1d5d97) Importer(815301076,1909f56bfc062723c751e8b465ee728b)
Start importing Assets/Examples/NullFrameworkException/Mobile/Input/GyroInputHandler.cs using Guid(f8dd07000fbb360449ae5ba83f1d5d97) Importer(815301076,1909f56bfc062723c751e8b465ee728b)  -> (artifact id: 'dda429cf8c3ccc65fac25f991a9855bb') in 0.004906 seconds
  Import took 0.010478 seconds .

========================================================================
Received Import Request.
  Time since last request: 78.347115 seconds.
  path: Assets/MobileGameDev/Scripts/Key.cs
  artifactKey: Guid(89f312642fda60c499df0b5d44f1d12f) Importer(815301076,1909f56bfc062723c751e8b465ee728b)
Start importing Assets/MobileGameDev/Scripts/Key.cs using Guid(89f312642fda60c499df0b5d44f1d12f) Importer(815301076,1909f56bfc062723c751e8b465ee728b)  -> (artifact id: 'e1fe359bd334a44e8ae7999b5b46cf76') in 0.015748 seconds
  Import took 0.020451 seconds .

========================================================================
Received Prepare
Registering precompiled user dll's ...
Registered in 0.003659 seconds.
Begin MonoManager ReloadAssembly
Native extension for WindowsStandalone target not found
Refreshing native plugins compatible for Editor in 1.04 ms, found 0 plugins.
Preloading 0 native plugins for Editor in 0.00 ms.
Warning: Annotation not found!
UnityEngine.StackTraceUtility:ExtractStackTrace ()
UnityEditor.ProBuilder.EditorUtility:SetGizmoIconEnabled (System.Type,bool) (at Library/PackageCache/com.unity.probuilder@4.4.0/Editor/EditorCore/EditorUtility.cs:593)
UnityEditor.ProBuilder.HierarchyListener:.cctor () (at Library/PackageCache/com.unity.probuilder@4.4.0/Editor/EditorCore/HierarchyListener.cs:21)
System.Runtime.CompilerServices.RuntimeHelpers:RunClassConstructor (System.RuntimeTypeHandle)
UnityEditor.EditorAssemblies:ProcessInitializeOnLoadAttributes (System.Type[])

[Library/PackageCache/com.unity.probuilder@4.4.0/Editor/EditorCore/EditorUtility.cs line 593]

Invoked RoslynAnalysisRunner static constructor.
RoslynAnalysisRunner will not be running.
RoslynAnalysisRunner has terminated.
Mono: successfully reloaded assembly
- Completed reload, in  5.820 seconds
Platform modules already initialized, skipping
Refreshing native plugins compatible for Editor in 0.70 ms, found 0 plugins.
Preloading 0 native plugins for Editor in 0.00 ms.
Unloading 1496 Unused Serialized files (Serialized files now loaded: 0)
System memory in use before: 79.0 MB.
System memory in use after: 78.5 MB.

Unloading 18 unused Assets to reduce memory usage. Loaded Objects now: 2016.
Total: 8.620500 ms (FindLiveObjects: 1.779400 ms CreateObjectMapping: 0.191800 ms MarkObjects: 5.447700 ms  DeleteObjects: 1.196900 ms)

========================================================================
Received Prepare
Registering precompiled user dll's ...
Registered in 0.001688 seconds.
Begin MonoManager ReloadAssembly
Native extension for WindowsStandalone target not found
Refreshing native plugins compatible for Editor in 0.77 ms, found 0 plugins.
Preloading 0 native plugins for Editor in 0.00 ms.
Warning: Annotation not found!
UnityEngine.StackTraceUtility:ExtractStackTrace ()
UnityEditor.ProBuilder.EditorUtility:SetGizmoIconEnabled (System.Type,bool) (at Library/PackageCache/com.unity.probuilder@4.4.0/Editor/EditorCore/EditorUtility.cs:593)
UnityEditor.ProBuilder.HierarchyListener:.cctor () (at Library/PackageCache/com.unity.probuilder@4.4.0/Editor/EditorCore/HierarchyListener.cs:21)
System.Runtime.CompilerServices.RuntimeHelpers:RunClassConstructor (System.RuntimeTypeHandle)
UnityEditor.EditorAssemblies:ProcessInitializeOnLoadAttributes (System.Type[])

[Library/PackageCache/com.unity.probuilder@4.4.0/Editor/EditorCore/EditorUtility.cs line 593]

Invoked RoslynAnalysisRunner static constructor.
RoslynAnalysisRunner will not be running.
RoslynAnalysisRunner has terminated.
Mono: successfully reloaded assembly
- Completed reload, in  2.045 seconds
Platform modules already initialized, skipping
Refreshing native plugins compatible for Editor in 0.89 ms, found 0 plugins.
Preloading 0 native plugins for Editor in 0.00 ms.
Unloading 1496 Unused Serialized files (Serialized files now loaded: 0)
System memory in use before: 79.0 MB.
System memory in use after: 78.5 MB.

Unloading 18 unused Assets to reduce memory usage. Loaded Objects now: 2018.
Total: 6.850500 ms (FindLiveObjects: 0.583900 ms CreateObjectMapping: 0.207800 ms MarkObjects: 5.084300 ms  DeleteObjects: 0.965800 ms)

========================================================================
Received Prepare
Registering precompiled user dll's ...
Registered in 0.001984 seconds.
Begin MonoManager ReloadAssembly
Native extension for WindowsStandalone target not found
Refreshing native plugins compatible for Editor in 0.40 ms, found 0 plugins.
Preloading 0 native plugins for Editor in 0.00 ms.
Warning: Annotation not found!
UnityEngine.StackTraceUtility:ExtractStackTrace ()
UnityEditor.ProBuilder.EditorUtility:SetGizmoIconEnabled (System.Type,bool) (at Library/PackageCache/com.unity.probuilder@4.4.0/Editor/EditorCore/EditorUtility.cs:593)
UnityEditor.ProBuilder.HierarchyListener:.cctor () (at Library/PackageCache/com.unity.probuilder@4.4.0/Editor/EditorCore/HierarchyListener.cs:21)
System.Runtime.CompilerServices.RuntimeHelpers:RunClassConstructor (System.RuntimeTypeHandle)
UnityEditor.EditorAssemblies:ProcessInitializeOnLoadAttributes (System.Type[])

[Library/PackageCache/com.unity.probuilder@4.4.0/Editor/EditorCore/EditorUtility.cs line 593]

Invoked RoslynAnalysisRunner static constructor.
RoslynAnalysisRunner will not be running.
RoslynAnalysisRunner has terminated.
Mono: successfully reloaded assembly
- Completed reload, in  2.504 seconds
Platform modules already initialized, skipping
Refreshing native plugins compatible for Editor in 0.47 ms, found 0 plugins.
Preloading 0 native plugins for Editor in 0.00 ms.
Unloading 1496 Unused Serialized files (Serialized files now loaded: 0)
System memory in use before: 78.7 MB.
System memory in use after: 78.2 MB.

Unloading 18 unused Assets to reduce memory usage. Loaded Objects now: 2020.
Total: 4.998200 ms (FindLiveObjects: 0.430000 ms CreateObjectMapping: 0.199000 ms MarkObjects: 3.541600 ms  DeleteObjects: 0.824200 ms)

AssetImportWorkerClient::OnTransportError - code=2 error=End of file
